TN:
SF:/usr/src/app/app-ui/src/polyfills.ts
FNF:0
FNH:0
LF:0
LH:0
BRF:0
BRH:0
end_of_record
TN:
SF:/usr/src/app/app-ui/src/test.ts
FNF:0
FNH:0
DA:18,1
DA:23,1
DA:25,1
LF:3
LH:3
BRF:0
BRH:0
end_of_record
TN:
SF:/usr/src/app/app-ui/src/app/app.component.ts
FNF:0
FNH:0
DA:8,1
LF:1
LH:1
BRF:0
BRH:0
end_of_record
TN:
SF:/usr/src/app/app-ui/src/app/auth/auth-guard.service.ts
FN:8,(anonymous_0)
FN:10,(anonymous_1)
FNF:2
FNH:2
FNDA:4,(anonymous_0)
FNDA:3,(anonymous_1)
DA:7,1
DA:8,4
DA:11,3
DA:12,2
DA:14,1
LF:5
LH:5
BRDA:11,0,0,2
BRDA:11,0,1,1
BRF:2
BRH:2
end_of_record
TN:
SF:/usr/src/app/app-ui/src/app/auth/auth.service.ts
FN:13,(anonymous_0)
FN:23,(anonymous_1)
FN:26,(anonymous_2)
FN:30,(anonymous_3)
FN:37,(anonymous_4)
FN:44,(anonymous_5)
FN:46,(anonymous_6)
FN:47,(anonymous_7)
FN:49,(anonymous_8)
FN:49,(anonymous_9)
FN:57,(anonymous_10)
FN:61,(anonymous_11)
FNF:12
FNH:6
FNDA:5,(anonymous_0)
FNDA:1,(anonymous_1)
FNDA:4,(anonymous_2)
FNDA:1,(anonymous_3)
FNDA:0,(anonymous_4)
FNDA:0,(anonymous_5)
FNDA:0,(anonymous_6)
FNDA:0,(anonymous_7)
FNDA:0,(anonymous_8)
FNDA:0,(anonymous_9)
FNDA:4,(anonymous_10)
FNDA:2,(anonymous_11)
DA:12,1
DA:13,5
DA:24,1
DA:26,4
DA:27,1
DA:29,1
DA:31,1
DA:32,1
DA:33,1
DA:34,1
DA:35,1
DA:38,0
DA:39,0
DA:45,0
DA:46,0
DA:47,0
DA:49,0
DA:50,0
DA:51,0
DA:52,0
DA:58,4
DA:62,2
LF:22
LH:13
BRDA:62,0,0,2
BRDA:62,0,1,1
BRF:2
BRH:2
end_of_record
TN:
SF:/usr/src/app/app-ui/src/app/auth/refresh-token.interceptor.ts
FN:28,(anonymous_0)
FN:18,(anonymous_1)
FN:39,(anonymous_2)
FN:40,(anonymous_3)
FN:42,(anonymous_4)
FN:53,(anonymous_5)
FN:55,(anonymous_6)
FN:64,(anonymous_7)
FN:67,(anonymous_8)
FNF:9
FNH:9
FNDA:7,(anonymous_0)
FNDA:1,(anonymous_1)
FNDA:6,(anonymous_2)
FNDA:7,(anonymous_3)
FNDA:7,(anonymous_4)
FNDA:7,(anonymous_5)
FNDA:3,(anonymous_6)
FNDA:3,(anonymous_7)
FNDA:3,(anonymous_8)
DA:13,1
DA:14,7
DA:16,7
DA:19,1
DA:20,1
DA:22,1
DA:28,7
DA:40,7
DA:43,7
DA:44,1
DA:50,6
DA:53,7
DA:56,3
DA:57,3
DA:58,2
DA:59,2
DA:61,1
DA:62,1
DA:65,3
DA:66,3
DA:68,3
DA:69,2
DA:71,1
LF:23
LH:23
BRDA:20,0,0,1
BRDA:20,0,1,0
BRDA:43,1,0,1
BRDA:43,1,1,6
BRDA:57,2,0,2
BRDA:57,2,1,1
BRDA:57,3,0,3
BRDA:57,3,1,3
BRDA:68,4,0,2
BRDA:68,4,1,1
BRDA:68,5,0,3
BRDA:68,5,1,1
BRF:12
BRH:11
end_of_record
TN:
SF:/usr/src/app/app-ui/src/app/home/home.component.ts
FNF:0
FNH:0
DA:11,1
LF:1
LH:1
BRF:0
BRH:0
end_of_record
TN:
SF:/usr/src/app/app-ui/src/app/tutorial/tutorial.component.ts
FN:37,(anonymous_0)
FN:44,(anonymous_1)
FN:80,(anonymous_3)
FN:57,(anonymous_4)
FN:97,(anonymous_5)
FN:98,(anonymous_6)
FN:107,(anonymous_7)
FN:109,(anonymous_8)
FN:116,(anonymous_9)
FN:119,(anonymous_10)
FN:123,(anonymous_11)
FN:125,(anonymous_12)
FN:129,(anonymous_13)
FN:130,(anonymous_14)
FN:136,(anonymous_15)
FN:143,(anonymous_16)
FN:156,(anonymous_17)
FN:166,(anonymous_18)
FN:168,(anonymous_19)
FN:175,(anonymous_20)
FN:184,(anonymous_21)
FN:188,(anonymous_22)
FN:199,(anonymous_23)
FN:202,(anonymous_24)
FN:210,(anonymous_25)
FN:218,(anonymous_26)
FN:225,(anonymous_27)
FN:229,(anonymous_28)
FN:230,(anonymous_29)
FN:241,(anonymous_30)
FN:242,(anonymous_31)
FN:245,(anonymous_32)
FN:247,(anonymous_33)
FN:248,(anonymous_34)
FN:249,(anonymous_35)
FNF:35
FNH:6
FNDA:0,(anonymous_0)
FNDA:0,(anonymous_1)
FNDA:1,(anonymous_3)
FNDA:1,(anonymous_4)
FNDA:1,(anonymous_5)
FNDA:1,(anonymous_6)
FNDA:0,(anonymous_7)
FNDA:0,(anonymous_8)
FNDA:0,(anonymous_9)
FNDA:0,(anonymous_10)
FNDA:0,(anonymous_11)
FNDA:0,(anonymous_12)
FNDA:0,(anonymous_13)
FNDA:0,(anonymous_14)
FNDA:1,(anonymous_15)
FNDA:1,(anonymous_16)
FNDA:0,(anonymous_17)
FNDA:0,(anonymous_18)
FNDA:0,(anonymous_19)
FNDA:0,(anonymous_20)
FNDA:0,(anonymous_21)
FNDA:0,(anonymous_22)
FNDA:0,(anonymous_23)
FNDA:0,(anonymous_24)
FNDA:0,(anonymous_25)
FNDA:0,(anonymous_26)
FNDA:0,(anonymous_27)
FNDA:0,(anonymous_28)
FNDA:0,(anonymous_29)
FNDA:0,(anonymous_30)
FNDA:0,(anonymous_31)
FNDA:0,(anonymous_32)
FNDA:0,(anonymous_33)
FNDA:0,(anonymous_34)
FNDA:0,(anonymous_35)
DA:36,1
DA:37,0
DA:45,0
DA:54,1
DA:55,1
DA:57,1
DA:58,1
DA:59,0
DA:60,0
DA:64,1
DA:66,1
DA:74,1
DA:78,1
DA:81,1
DA:82,1
DA:83,1
DA:84,1
DA:85,1
DA:86,1
DA:87,1
DA:98,1
DA:99,1
DA:100,1
DA:101,0
DA:103,1
DA:108,0
DA:109,0
DA:110,0
DA:116,0
DA:120,0
DA:121,0
DA:122,0
DA:124,0
DA:125,0
DA:129,1
DA:130,1
DA:137,1
DA:144,1
DA:145,0
DA:157,0
DA:158,0
DA:167,0
DA:168,0
DA:176,0
DA:185,0
DA:186,0
DA:188,0
DA:189,0
DA:191,0
DA:200,0
DA:202,0
DA:203,0
DA:204,0
DA:207,0
DA:208,0
DA:209,0
DA:210,0
DA:219,0
DA:226,0
DA:230,0
DA:231,0
DA:232,0
DA:236,0
DA:237,0
DA:238,0
DA:241,0
DA:242,0
DA:245,0
DA:246,0
DA:247,0
DA:248,0
DA:249,0
DA:250,0
DA:251,0
LF:74
LH:24
BRDA:58,0,0,0
BRDA:58,0,1,1
BRDA:100,1,0,0
BRDA:100,1,1,1
BRDA:144,2,0,0
BRDA:144,2,1,1
BRDA:185,3,0,0
BRDA:185,3,1,0
BRDA:203,4,0,0
BRDA:203,4,1,0
BRDA:231,5,0,0
BRDA:231,5,1,0
BRF:12
BRH:3
end_of_record
TN:
SF:/usr/src/app/app-ui/src/app/tutorial/editor/editor-utils.ts
FN:24,(anonymous_0)
FNF:1
FNH:1
FNDA:3,(anonymous_0)
DA:10,1
DA:22,1
DA:24,1
DA:25,3
DA:27,3
DA:28,3
DA:29,3
DA:30,3
DA:31,2
DA:34,3
LF:10
LH:10
BRDA:27,0,0,0
BRDA:27,0,1,3
BRDA:30,1,0,2
BRDA:30,1,1,1
BRF:4
BRH:3
end_of_record
TN:
SF:/usr/src/app/app-ui/src/app/tutorial/editor/editor.added.directive.ts
FN:15,(anonymous_0)
FN:18,(anonymous_1)
FNF:2
FNH:2
FNDA:2,(anonymous_0)
FNDA:1,(anonymous_1)
DA:12,1
DA:13,2
DA:15,2
DA:19,1
LF:4
LH:4
BRF:0
BRH:0
end_of_record
TN:
SF:/usr/src/app/app-ui/src/app/tutorial/editor/editor.component.ts
FN:30,(anonymous_0)
FN:148,(anonymous_1)
FN:149,(anonymous_2)
FN:36,(anonymous_3)
FN:37,(anonymous_4)
FN:43,(anonymous_5)
FN:49,(anonymous_6)
FN:50,(anonymous_7)
FN:57,(anonymous_8)
FN:67,(anonymous_9)
FN:83,(anonymous_10)
FN:95,(anonymous_11)
FN:96,(anonymous_12)
FN:106,(anonymous_13)
FN:117,(anonymous_14)
FN:121,(anonymous_15)
FN:138,(anonymous_16)
FNF:17
FNH:3
FNDA:1,(anonymous_0)
FNDA:0,(anonymous_1)
FNDA:0,(anonymous_2)
FNDA:1,(anonymous_3)
FNDA:1,(anonymous_4)
FNDA:0,(anonymous_5)
FNDA:0,(anonymous_6)
FNDA:0,(anonymous_7)
FNDA:0,(anonymous_8)
FNDA:0,(anonymous_9)
FNDA:0,(anonymous_10)
FNDA:0,(anonymous_11)
FNDA:0,(anonymous_12)
FNDA:0,(anonymous_13)
FNDA:0,(anonymous_14)
FNDA:0,(anonymous_15)
FNDA:0,(anonymous_16)
DA:20,1
DA:21,1
DA:23,1
DA:25,1
DA:30,1
DA:37,1
DA:39,1
DA:40,1
DA:41,1
DA:42,1
DA:43,1
DA:44,1
DA:46,0
DA:49,1
DA:50,0
DA:51,0
DA:52,0
DA:58,0
DA:64,0
DA:65,0
DA:67,0
DA:68,0
DA:71,0
DA:84,0
DA:87,0
DA:96,0
DA:107,0
DA:108,0
DA:118,0
DA:119,0
DA:120,0
DA:121,0
DA:122,0
DA:124,0
DA:127,0
DA:128,0
DA:133,0
DA:134,0
DA:139,0
DA:140,0
DA:148,1
DA:149,0
DA:150,0
LF:43
LH:14
BRDA:39,0,0,1
BRDA:39,0,1,0
BRDA:107,1,0,0
BRDA:107,1,1,0
BRDA:119,2,0,0
BRDA:119,2,1,0
BRDA:123,3,0,0
BRDA:123,3,1,0
BRF:8
BRH:1
end_of_record
TN:
SF:/usr/src/app/app-ui/src/app/tutorial/editor/editor.quit-dialog.component.ts
FN:4,(anonymous_0)
FN:25,(anonymous_1)
FN:29,(anonymous_2)
FN:33,(anonymous_3)
FN:37,(anonymous_4)
FNF:5
FNH:2
FNDA:1,(anonymous_0)
FNDA:1,(anonymous_1)
FNDA:0,(anonymous_2)
FNDA:0,(anonymous_3)
FNDA:0,(anonymous_4)
DA:4,1
DA:5,1
DA:6,1
DA:7,1
DA:22,1
DA:25,1
DA:26,1
DA:30,0
DA:34,0
DA:38,0
LF:10
LH:7
BRDA:4,0,0,1
BRDA:4,0,1,1
BRF:2
BRH:2
end_of_record
TN:
SF:/usr/src/app/app-ui/src/app/tutorial/editor/editor.service.ts
FN:25,(anonymous_0)
FN:42,(anonymous_1)
FN:51,(anonymous_2)
FN:61,(anonymous_3)
FNF:4
FNH:1
FNDA:2,(anonymous_0)
FNDA:0,(anonymous_1)
FNDA:0,(anonymous_2)
FNDA:0,(anonymous_3)
DA:8,1
DA:26,2
DA:27,2
DA:28,2
DA:29,2
DA:31,2
DA:32,2
DA:33,2
DA:34,2
DA:43,0
DA:52,0
DA:53,0
DA:62,0
LF:13
LH:9
BRF:0
BRH:0
end_of_record
TN:
SF:/usr/src/app/app-ui/src/app/tutorial/editor/editor.tab.model.ts
FN:14,(anonymous_0)
FN:20,(anonymous_1)
FN:24,(anonymous_2)
FN:28,(anonymous_3)
FN:32,(anonymous_4)
FN:36,(anonymous_5)
FN:40,(anonymous_6)
FNF:7
FNH:0
FNDA:0,(anonymous_0)
FNDA:0,(anonymous_1)
FNDA:0,(anonymous_2)
FNDA:0,(anonymous_3)
FNDA:0,(anonymous_4)
FNDA:0,(anonymous_5)
FNDA:0,(anonymous_6)
DA:15,0
DA:16,0
DA:17,0
DA:21,0
DA:25,0
DA:29,0
DA:33,0
DA:37,0
DA:41,0
LF:9
LH:0
BRF:0
BRH:0
end_of_record
TN:
SF:/usr/src/app/app-ui/src/app/tutorial/slideshow/slideshow.component.ts
FN:65,(anonymous_0)
FN:58,(anonymous_1)
FN:70,(anonymous_2)
FN:74,(anonymous_3)
FN:82,(anonymous_4)
FNF:5
FNH:1
FNDA:1,(anonymous_0)
FNDA:0,(anonymous_1)
FNDA:0,(anonymous_2)
FNDA:0,(anonymous_3)
FNDA:0,(anonymous_4)
DA:49,1
DA:52,1
DA:56,1
DA:59,0
DA:60,0
DA:61,0
DA:65,1
DA:71,0
DA:72,0
DA:74,0
DA:75,0
DA:76,0
DA:77,0
DA:78,0
DA:83,0
LF:15
LH:4
BRDA:59,0,0,0
BRDA:59,0,1,0
BRF:2
BRH:0
end_of_record
TN:
SF:/usr/src/app/app-ui/src/app/tutorial/terminal/terminal.component.ts
FN:21,(anonymous_0)
FN:28,(anonymous_1)
FN:42,(anonymous_2)
FN:46,(anonymous_3)
FN:48,(anonymous_4)
FN:51,(anonymous_5)
FN:54,(anonymous_6)
FN:60,(anonymous_7)
FNF:8
FNH:1
FNDA:0,(anonymous_0)
FNDA:1,(anonymous_1)
FNDA:0,(anonymous_2)
FNDA:0,(anonymous_3)
FNDA:0,(anonymous_4)
FNDA:0,(anonymous_5)
FNDA:0,(anonymous_6)
FNDA:0,(anonymous_7)
DA:11,1
DA:12,1
DA:21,1
DA:22,0
DA:30,1
DA:33,1
DA:38,1
DA:39,1
DA:43,0
DA:48,0
DA:49,0
DA:51,0
DA:54,0
DA:55,0
DA:56,0
DA:57,0
DA:60,0
DA:61,0
LF:18
LH:7
BRF:0
BRH:0
end_of_record
TN:
SF:/usr/src/app/app-ui/src/app/tutorials-panel/tutorials-panel.component.ts
FN:23,(anonymous_0)
FN:27,(anonymous_1)
FN:34,(anonymous_2)
FN:35,(anonymous_3)
FN:39,(anonymous_4)
FNF:5
FNH:5
FNDA:4,(anonymous_0)
FNDA:4,(anonymous_1)
FNDA:6,(anonymous_2)
FNDA:6,(anonymous_3)
FNDA:1,(anonymous_4)
DA:18,1
DA:23,4
DA:24,4
DA:28,4
DA:34,6
DA:35,6
DA:41,1
LF:7
LH:7
BRDA:34,0,0,6
BRDA:34,0,1,2
BRF:2
BRH:2
end_of_record
TN:
SF:/usr/src/app/app-ui/src/app/utils/observable.utils.ts
FN:12,(anonymous_0)
FN:12,(anonymous_1)
FN:15,(anonymous_2)
FN:16,(anonymous_3)
FNF:4
FNH:4
FNDA:4,(anonymous_0)
FNDA:2,(anonymous_1)
FNDA:6,(anonymous_2)
FNDA:6,(anonymous_3)
DA:12,4
DA:13,2
DA:14,2
DA:15,6
DA:17,6
DA:18,6
DA:19,1
DA:21,5
DA:22,5
DA:24,5
LF:10
LH:10
BRDA:15,0,0,6
BRDA:15,0,1,6
BRDA:18,1,0,1
BRDA:18,1,1,5
BRDA:21,2,0,5
BRDA:21,2,1,0
BRF:6
BRH:5
end_of_record
TN:
SF:/usr/src/app/app-ui/src/app/ws/abtract.ws.service.ts
FN:12,(anonymous_0)
FN:15,(anonymous_1)
FN:19,(anonymous_2)
FN:26,(anonymous_3)
FN:30,(anonymous_4)
FN:37,(anonymous_5)
FN:41,(anonymous_6)
FN:48,(anonymous_7)
FN:55,(anonymous_8)
FNF:9
FNH:3
FNDA:5,(anonymous_0)
FNDA:0,(anonymous_1)
FNDA:0,(anonymous_2)
FNDA:0,(anonymous_3)
FNDA:1,(anonymous_4)
FNDA:0,(anonymous_5)
FNDA:0,(anonymous_6)
FNDA:0,(anonymous_7)
FNDA:1,(anonymous_8)
DA:12,5
DA:16,0
DA:20,0
DA:27,0
DA:31,1
DA:38,0
DA:42,0
DA:49,0
DA:56,1
DA:57,0
DA:59,1
LF:11
LH:4
BRDA:56,0,0,0
BRDA:56,0,1,1
BRF:2
BRH:1
end_of_record
TN:
SF:/usr/src/app/app-ui/src/app/ws/tutorial.ws.service.ts
FN:13,(anonymous_0)
FN:22,(anonymous_1)
FN:33,(anonymous_2)
FN:44,(anonymous_3)
FN:54,(anonymous_4)
FN:64,(anonymous_5)
FN:74,(anonymous_6)
FN:75,(anonymous_7)
FN:77,(anonymous_8)
FN:81,(anonymous_9)
FN:86,(anonymous_10)
FN:89,(anonymous_11)
FN:90,(anonymous_12)
FN:101,(anonymous_13)
FN:113,(anonymous_14)
FNF:15
FNH:4
FNDA:3,(anonymous_0)
FNDA:0,(anonymous_1)
FNDA:0,(anonymous_2)
FNDA:0,(anonymous_3)
FNDA:1,(anonymous_4)
FNDA:0,(anonymous_5)
FNDA:1,(anonymous_6)
FNDA:1,(anonymous_7)
FNDA:0,(anonymous_8)
FNDA:0,(anonymous_9)
FNDA:0,(anonymous_10)
FNDA:0,(anonymous_11)
FNDA:0,(anonymous_12)
FNDA:0,(anonymous_13)
FNDA:0,(anonymous_14)
DA:11,1
DA:14,3
DA:23,0
DA:34,0
DA:45,0
DA:55,1
DA:65,0
DA:75,1
DA:76,1
DA:78,0
DA:79,0
DA:82,0
DA:83,0
DA:84,0
DA:87,0
DA:88,0
DA:89,0
DA:91,0
DA:92,0
DA:94,0
DA:101,0
DA:114,0
DA:118,0
LF:23
LH:5
BRDA:82,0,0,0
BRDA:82,0,1,0
BRDA:91,1,0,0
BRDA:91,1,1,0
BRF:4
BRH:0
end_of_record
TN:
SF:/usr/src/app/app-ui/src/app/ws/user.ws.service.ts
FN:12,(anonymous_0)
FN:23,(anonymous_1)
FN:31,(anonymous_2)
FN:42,(anonymous_3)
FNF:4
FNH:1
FNDA:2,(anonymous_0)
FNDA:0,(anonymous_1)
FNDA:0,(anonymous_2)
FNDA:0,(anonymous_3)
DA:10,1
DA:13,2
DA:24,0
DA:32,0
DA:43,0
DA:44,0
LF:6
LH:2
BRF:0
BRH:0
end_of_record
TN:
SF:/usr/src/app/app-ui/src/environments/environment.ts
FNF:0
FNH:0
DA:2,1
LF:1
LH:1
BRF:0
BRH:0
end_of_record
